4/13/2023 12:11:22 PM	This log contains information about the import schema operation into project 'ChatApplication.Database' on computer 'DESKTOP-LA5RDNV' by user 'HP'.
4/13/2023 12:11:22 PM	Import of database schema has started.
4/13/2023 12:11:22 PM	Gathering database credentials
4/13/2023 12:11:22 PM	Gathering database options
4/13/2023 12:11:22 PM	Gathering generic database scoped configuration option
4/13/2023 12:11:22 PM	Gathering users
4/13/2023 12:11:22 PM	Gathering roles
4/13/2023 12:11:22 PM	Gathering application roles
4/13/2023 12:11:22 PM	Gathering role memberships
4/13/2023 12:11:22 PM	Gathering filegroups
4/13/2023 12:11:22 PM	Gathering full-text catalogs
4/13/2023 12:11:22 PM	Gathering assemblies
4/13/2023 12:11:22 PM	Gathering certificates
4/13/2023 12:11:22 PM	Gathering asymmetric keys
4/13/2023 12:11:22 PM	Gathering symmetric keys
4/13/2023 12:11:22 PM	Gathering encrypted symmetric keys
4/13/2023 12:11:22 PM	Gathering schemas
4/13/2023 12:11:22 PM	Gathering XML schema collections
4/13/2023 12:11:22 PM	Gathering user-defined data types
4/13/2023 12:11:22 PM	Gathering user-defined types
4/13/2023 12:11:22 PM	Gathering table types
4/13/2023 12:11:22 PM	Gathering unique keys for table types
4/13/2023 12:11:22 PM	Gathering primary keys for table types
4/13/2023 12:11:22 PM	Gathering indexes for table types
4/13/2023 12:11:22 PM	Gathering check constraints for table types
4/13/2023 12:11:22 PM	Gathering default constraints for table types
4/13/2023 12:11:22 PM	Gathering partition functions
4/13/2023 12:11:22 PM	Gathering partition schemes
4/13/2023 12:11:22 PM	Gathering functions
4/13/2023 12:11:22 PM	Gathering encrypted functions
4/13/2023 12:11:22 PM	Gathering aggregates
4/13/2023 12:11:22 PM	Gathering procedures
4/13/2023 12:11:22 PM	Gathering encrypted procedures
4/13/2023 12:11:22 PM	Gathering tables
4/13/2023 12:11:22 PM	Gathering primary keys
4/13/2023 12:11:22 PM	Gathering unique constraints
4/13/2023 12:11:22 PM	Gathering foreign keys
4/13/2023 12:11:22 PM	Gathering default constraints
4/13/2023 12:11:22 PM	Gathering check constraints
4/13/2023 12:11:22 PM	Gathering views
4/13/2023 12:11:22 PM	Gathering encrypted views
4/13/2023 12:11:22 PM	Gathering indexes
4/13/2023 12:11:22 PM	Gathering statistics
4/13/2023 12:11:22 PM	Gathering full-text index stoplists
4/13/2023 12:11:22 PM	Gathering search property lists
4/13/2023 12:11:22 PM	Gathering search properties
4/13/2023 12:11:22 PM	Gathering full-text indexes
4/13/2023 12:11:22 PM	Gathering column store indexes
4/13/2023 12:11:22 PM	Gathering spatial indexes
4/13/2023 12:11:22 PM	Gathering XML indexes
4/13/2023 12:11:22 PM	Gathering Selective XML indexes
4/13/2023 12:11:22 PM	Gathering encrypted triggers
4/13/2023 12:11:22 PM	Gathering triggers
4/13/2023 12:11:22 PM	Gathering encrypted and clr ddl triggers
4/13/2023 12:11:22 PM	Gathering ddl triggers
4/13/2023 12:11:22 PM	Creating edge constraints
4/13/2023 12:11:22 PM	Gathering synonyms
4/13/2023 12:11:22 PM	Gathering defaults
4/13/2023 12:11:22 PM	Gathering data constraint uddt bindings
4/13/2023 12:11:22 PM	Gathering rules
4/13/2023 12:11:22 PM	Gathering data constraint uddt bindings
4/13/2023 12:11:22 PM	Gathering message types
4/13/2023 12:11:22 PM	Gathering queues
4/13/2023 12:11:22 PM	Gathering contracts
4/13/2023 12:11:22 PM	Gathering services
4/13/2023 12:11:22 PM	Gathering event notifications
4/13/2023 12:11:22 PM	Gathering remote service bindings
4/13/2023 12:11:22 PM	Gathering broker priorities
4/13/2023 12:11:22 PM	Gathering signatures
4/13/2023 12:11:22 PM	Gathering data compression options
4/13/2023 12:11:22 PM	Gathering sequence types
4/13/2023 12:11:22 PM	Gathering security policies
4/13/2023 12:11:22 PM	Gather column encryption keys
4/13/2023 12:11:22 PM	Gathering column master keys
4/13/2023 12:11:22 PM	Gathering external data sources
4/13/2023 12:11:22 PM	Gathering external file formats
4/13/2023 12:11:22 PM	Gathering external tables
4/13/2023 12:11:22 PM	Gathering extended properties
4/13/2023 12:11:22 PM	Gathering assemblies
4/13/2023 12:11:22 PM	Gathering credentials
4/13/2023 12:11:22 PM	Gathering logins
4/13/2023 12:11:22 PM	Gathering server audits
4/13/2023 12:11:22 PM	Scanning project for duplicate elements
4/13/2023 12:11:22 PM	Finished duplicate element processing
4/13/2023 12:11:22 PM	Finished importing database.
4/13/2023 12:11:22 PM	A summary of the import was saved to the following location: D:\PetProjects\ChatApplication\src\ChatApplication.Database\Import Schema Logs\ChatApplication.Data_20230413091122.log
4/13/2023 12:11:22 PM	Click Finish to continue...
